<?xml version="1.0" encoding="UTF-8"?>
<coverage generated="1768914973970" clover="3.2.0">
  <project timestamp="1768914973970" name="All files">
    <metrics statements="29" coveredstatements="29" conditionals="14" coveredconditionals="14" methods="5" coveredmethods="5" elements="48" coveredelements="48" complexity="0" loc="29" ncloc="29" packages="2" files="4" classes="4"/>
    <package name="components.form">
      <metrics statements="16" coveredstatements="16" conditionals="2" coveredconditionals="2" methods="3" coveredmethods="3"/>
      <file name="constants.js" path="/home/pablo/mi-pagina-web/src/components/form/constants.js">
        <metrics statements="4" coveredstatements="4" conditionals="0" coveredconditionals="0" methods="0" coveredmethods="0"/>
        <line num="1" count="2" type="stmt"/>
        <line num="2" count="2" type="stmt"/>
        <line num="3" count="2" type="stmt"/>
        <line num="5" count="2" type="stmt"/>
      </file>
      <file name="main.jsx" path="/home/pablo/mi-pagina-web/src/components/form/main.jsx">
        <metrics statements="9" coveredstatements="9" conditionals="2" coveredconditionals="2" methods="3" coveredmethods="3"/>
        <line num="7" count="5" type="stmt"/>
        <line num="8" count="5" type="stmt"/>
        <line num="9" count="2" type="stmt"/>
        <line num="10" count="2" type="cond" truecount="2" falsecount="0"/>
        <line num="11" count="1" type="stmt"/>
        <line num="12" count="1" type="stmt"/>
        <line num="14" count="1" type="stmt"/>
        <line num="18" count="5" type="stmt"/>
        <line num="26" count="2" type="stmt"/>
      </file>
      <file name="styles.js" path="/home/pablo/mi-pagina-web/src/components/form/styles.js">
        <metrics statements="3" coveredstatements="3" conditionals="0" coveredconditionals="0" methods="0" coveredmethods="0"/>
        <line num="3" count="1" type="stmt"/>
        <line num="14" count="1" type="stmt"/>
        <line num="23" count="1" type="stmt"/>
      </file>
    </package>
    <package name="utils">
      <metrics statements="13" coveredstatements="13" conditionals="12" coveredconditionals="12" methods="2" coveredmethods="2"/>
      <file name="filterAllowedValuesForName.js" path="/home/pablo/mi-pagina-web/src/utils/filterAllowedValuesForName.js">
        <metrics statements="13" coveredstatements="13" conditionals="12" coveredconditionals="12" methods="2" coveredmethods="2"/>
        <line num="3" count="2" type="stmt"/>
        <line num="4" count="11" type="cond" truecount="2" falsecount="0"/>
        <line num="5" count="1" type="stmt"/>
        <line num="6" count="10" type="stmt"/>
        <line num="7" count="10" type="cond" truecount="4" falsecount="0"/>
        <line num="8" count="1" type="stmt"/>
        <line num="9" count="9" type="cond" truecount="4" falsecount="0"/>
        <line num="10" count="3" type="stmt"/>
        <line num="12" count="6" type="stmt"/>
        <line num="13" count="50" type="cond" truecount="2" falsecount="0"/>
        <line num="14" count="1" type="stmt"/>
        <line num="15" count="49" type="stmt"/>
        <line num="17" count="6" type="stmt"/>
      </file>
    </package>
  </project>
</coverage>
