{"/home/pablo/mi-pagina-web/src/components/form/constants.js": {"path":"/home/pablo/mi-pagina-web/src/components/form/constants.js","statementMap":{"0":{"start":{"line":1,"column":31},"end":{"line":1,"column":66}},"1":{"start":{"line":2,"column":26},"end":{"line":2,"column":27}},"2":{"start":{"line":3,"column":26},"end":{"line":3,"column":28}},"3":{"start":{"line":5,"column":28},"end":{"line":9,"column":1}}},"fnMap":{},"branchMap":{},"s":{"0":2,"1":2,"2":2,"3":2},"f":{},"b":{},"_coverageSchema":"1a1c01bbd47fc00a2c39e90264f33305004495a9","hash":"47375843908e51b753bfa912a67f62270cbe6069"}
,"/home/pablo/mi-pagina-web/src/components/form/main.jsx": {"path":"/home/pablo/mi-pagina-web/src/components/form/main.jsx","statementMap":{"0":{"start":{"line":7,"column":36},"end":{"line":7,"column":48}},"1":{"start":{"line":8,"column":23},"end":{"line":16,"column":3}},"2":{"start":{"line":9,"column":4},"end":{"line":9,"column":23}},"3":{"start":{"line":10,"column":4},"end":{"line":15,"column":5}},"4":{"start":{"line":11,"column":6},"end":{"line":11,"column":37}},"5":{"start":{"line":12,"column":6},"end":{"line":12,"column":22}},"6":{"start":{"line":14,"column":6},"end":{"line":14,"column":157}},"7":{"start":{"line":18,"column":2},"end":{"line":36,"column":4}},"8":{"start":{"line":26,"column":27},"end":{"line":26,"column":55}}},"fnMap":{"0":{"name":"NameForm","decl":{"start":{"line":6,"column":9},"end":{"line":6,"column":17}},"loc":{"start":{"line":6,"column":36},"end":{"line":37,"column":1}},"line":6},"1":{"name":"(anonymous_1)","decl":{"start":{"line":8,"column":23},"end":{"line":8,"column":24}},"loc":{"start":{"line":8,"column":30},"end":{"line":16,"column":3}},"line":8},"2":{"name":"(anonymous_2)","decl":{"start":{"line":26,"column":20},"end":{"line":26,"column":21}},"loc":{"start":{"line":26,"column":27},"end":{"line":26,"column":55}},"line":26}},"branchMap":{"0":{"loc":{"start":{"line":10,"column":4},"end":{"line":15,"column":5}},"type":"if","locations":[{"start":{"line":10,"column":4},"end":{"line":15,"column":5}},{"start":{"line":13,"column":11},"end":{"line":15,"column":5}}],"line":10}},"s":{"0":5,"1":5,"2":2,"3":2,"4":1,"5":1,"6":1,"7":5,"8":2},"f":{"0":5,"1":2,"2":2},"b":{"0":[1,1]},"_coverageSchema":"1a1c01bbd47fc00a2c39e90264f33305004495a9","hash":"b12685502208e1959ba67b8b2226c8c5f68d44d9"}
,"/home/pablo/mi-pagina-web/src/components/form/styles.js": {"path":"/home/pablo/mi-pagina-web/src/components/form/styles.js","statementMap":{"0":{"start":{"line":3,"column":20},"end":{"line":12,"column":1}},"1":{"start":{"line":14,"column":21},"end":{"line":21,"column":1}},"2":{"start":{"line":23,"column":22},"end":{"line":31,"column":1}}},"fnMap":{},"branchMap":{},"s":{"0":1,"1":1,"2":1},"f":{},"b":{},"_coverageSchema":"1a1c01bbd47fc00a2c39e90264f33305004495a9","hash":"7e987ec49b3ba559c3b23b565c81c78a31e22267"}
,"/home/pablo/mi-pagina-web/src/utils/filterAllowedValuesForName.js": {"path":"/home/pablo/mi-pagina-web/src/utils/filterAllowedValuesForName.js","statementMap":{"0":{"start":{"line":3,"column":42},"end":{"line":18,"column":1}},"1":{"start":{"line":4,"column":4},"end":{"line":5,"column":21}},"2":{"start":{"line":5,"column":8},"end":{"line":5,"column":21}},"3":{"start":{"line":6,"column":17},"end":{"line":6,"column":47}},"4":{"start":{"line":7,"column":4},"end":{"line":8,"column":21}},"5":{"start":{"line":8,"column":8},"end":{"line":8,"column":21}},"6":{"start":{"line":9,"column":4},"end":{"line":11,"column":5}},"7":{"start":{"line":10,"column":8},"end":{"line":10,"column":21}},"8":{"start":{"line":12,"column":27},"end":{"line":16,"column":6}},"9":{"start":{"line":13,"column":8},"end":{"line":14,"column":24}},"10":{"start":{"line":14,"column":12},"end":{"line":14,"column":24}},"11":{"start":{"line":15,"column":12},"end":{"line":15,"column":51}},"12":{"start":{"line":17,"column":4},"end":{"line":17,"column":27}}},"fnMap":{"0":{"name":"(anonymous_0)","decl":{"start":{"line":3,"column":42},"end":{"line":3,"column":43}},"loc":{"start":{"line":3,"column":57},"end":{"line":18,"column":1}},"line":3},"1":{"name":"(anonymous_1)","decl":{"start":{"line":12,"column":47},"end":{"line":12,"column":48}},"loc":{"start":{"line":12,"column":54},"end":{"line":16,"column":5}},"line":12}},"branchMap":{"0":{"loc":{"start":{"line":4,"column":4},"end":{"line":5,"column":21}},"type":"if","locations":[{"start":{"line":4,"column":4},"end":{"line":5,"column":21}},{"start":{},"end":{}}],"line":4},"1":{"loc":{"start":{"line":7,"column":4},"end":{"line":8,"column":21}},"type":"if","locations":[{"start":{"line":7,"column":4},"end":{"line":8,"column":21}},{"start":{},"end":{}}],"line":7},"2":{"loc":{"start":{"line":7,"column":8},"end":{"line":7,"column":60}},"type":"binary-expr","locations":[{"start":{"line":7,"column":8},"end":{"line":7,"column":32}},{"start":{"line":7,"column":36},"end":{"line":7,"column":60}}],"line":7},"3":{"loc":{"start":{"line":9,"column":4},"end":{"line":11,"column":5}},"type":"if","locations":[{"start":{"line":9,"column":4},"end":{"line":11,"column":5}},{"start":{},"end":{}}],"line":9},"4":{"loc":{"start":{"line":9,"column":8},"end":{"line":9,"column":57}},"type":"binary-expr","locations":[{"start":{"line":9,"column":8},"end":{"line":9,"column":26}},{"start":{"line":9,"column":30},"end":{"line":9,"column":57}}],"line":9},"5":{"loc":{"start":{"line":13,"column":8},"end":{"line":14,"column":24}},"type":"if","locations":[{"start":{"line":13,"column":8},"end":{"line":14,"column":24}},{"start":{},"end":{}}],"line":13}},"s":{"0":2,"1":11,"2":1,"3":10,"4":10,"5":1,"6":9,"7":3,"8":6,"9":50,"10":1,"11":49,"12":6},"f":{"0":11,"1":50},"b":{"0":[1,10],"1":[1,9],"2":[10,9],"3":[3,6],"4":[9,4],"5":[1,49]},"_coverageSchema":"1a1c01bbd47fc00a2c39e90264f33305004495a9","hash":"58096eb93b266fcc18f33dc66289aa2214e0f0c4"}
}
