TN:
SF:src/components/form/constants.js
FNF:0
FNH:0
DA:1,2
DA:2,2
DA:3,2
DA:5,2
LF:4
LH:4
BRF:0
BRH:0
end_of_record
TN:
SF:src/components/form/main.jsx
FN:6,NameForm
FN:8,(anonymous_1)
FN:26,(anonymous_2)
FNF:3
FNH:3
FNDA:16,NameForm
FNDA:7,(anonymous_1)
FNDA:7,(anonymous_2)
DA:7,16
DA:8,16
DA:9,7
DA:10,7
DA:11,2
DA:12,2
DA:14,5
DA:18,16
DA:26,7
LF:9
LH:9
BRDA:10,0,0,2
BRDA:10,0,1,5
BRF:2
BRH:2
end_of_record
TN:
SF:src/components/form/styles.js
FNF:0
FNH:0
DA:3,1
DA:14,1
DA:23,1
LF:3
LH:3
BRF:0
BRH:0
end_of_record
TN:
SF:src/utils/filterAllowedValuesForName.js
FN:3,(anonymous_0)
FN:12,(anonymous_1)
FNF:2
FNH:2
FNDA:16,(anonymous_0)
FNDA:74,(anonymous_1)
DA:3,2
DA:4,16
DA:5,1
DA:6,15
DA:7,15
DA:8,2
DA:9,13
DA:10,5
DA:12,8
DA:13,74
DA:14,2
DA:15,72
DA:17,8
LF:13
LH:13
BRDA:4,0,0,1
BRDA:4,0,1,15
BRDA:7,1,0,2
BRDA:7,1,1,13
BRDA:7,2,0,15
BRDA:7,2,1,13
BRDA:9,3,0,5
BRDA:9,3,1,8
BRDA:9,4,0,13
BRDA:9,4,1,7
BRDA:13,5,0,2
BRDA:13,5,1,72
BRF:12
BRH:12
end_of_record
