TN:
SF:src/components/form/constants.js
FNF:0
FNH:0
DA:1,2
DA:2,2
DA:3,2
DA:5,2
LF:4
LH:4
BRF:0
BRH:0
end_of_record
TN:
SF:src/components/form/main.jsx
FN:6,NameForm
FN:8,(anonymous_1)
FN:26,(anonymous_2)
FNF:3
FNH:3
FNDA:5,NameForm
FNDA:2,(anonymous_1)
FNDA:2,(anonymous_2)
DA:7,5
DA:8,5
DA:9,2
DA:10,2
DA:11,1
DA:12,1
DA:14,1
DA:18,5
DA:26,2
LF:9
LH:9
BRDA:10,0,0,1
BRDA:10,0,1,1
BRF:2
BRH:2
end_of_record
TN:
SF:src/components/form/styles.js
FNF:0
FNH:0
DA:3,1
DA:14,1
DA:23,1
LF:3
LH:3
BRF:0
BRH:0
end_of_record
TN:
SF:src/utils/filterAllowedValuesForName.js
FN:3,(anonymous_0)
FN:12,(anonymous_1)
FNF:2
FNH:2
FNDA:11,(anonymous_0)
FNDA:50,(anonymous_1)
DA:3,2
DA:4,11
DA:5,1
DA:6,10
DA:7,10
DA:8,1
DA:9,9
DA:10,3
DA:12,6
DA:13,50
DA:14,1
DA:15,49
DA:17,6
LF:13
LH:13
BRDA:4,0,0,1
BRDA:4,0,1,10
BRDA:7,1,0,1
BRDA:7,1,1,9
BRDA:7,2,0,10
BRDA:7,2,1,9
BRDA:9,3,0,3
BRDA:9,3,1,6
BRDA:9,4,0,9
BRDA:9,4,1,4
BRDA:13,5,0,1
BRDA:13,5,1,49
BRF:12
BRH:12
end_of_record
